<?xml version="1.0" encoding="UTF-8"?>
<!-- Generated by org.testng.reporters.JUnitXMLReporter -->
<testsuite ignored="0" hostname="ANIRBANs-MacBook-Air.local" failures="0" tests="5" name="Default test" time="20.064" errors="0" timestamp="2026-05-06T20:51:47 IST">
  <testcase classname="options.TestRunner" name="runScenario" time="14.126"/>
  <testcase classname="options.TestRunner" name="runScenario" time="14.132">
    <skipped/>
  </testcase> <!-- runScenario -->
  <testcase classname="options.TestRunner" name="runScenario" time="14.125">
    <skipped/>
  </testcase> <!-- runScenario -->
  <testcase classname="options.TestRunner" name="runScenario" time="4.337"/>
  <testcase classname="options.TestRunner" name="runScenario" time="4.53"/>
</testsuite> <!-- Default test -->
