<?xml version="1.0" encoding="UTF-8"?>
<!-- Generated by org.testng.reporters.JUnitXMLReporter -->
<testsuite ignored="0" hostname="ANIRBANs-MacBook-Air.local" failures="0" tests="2" name="Default test" time="13.806" errors="0" timestamp="2026-04-09T09:32:37 IST">
  <testcase classname="io.cucumber.testng.AbstractTestNGCucumberTests" name="runScenario" time="8.839"/>
  <testcase classname="io.cucumber.testng.AbstractTestNGCucumberTests" name="runScenario" time="4.518"/>
</testsuite> <!-- Default test -->
