<?xml version="1.0" encoding="UTF-8"?>
<testng-results retried="2" ignored="0" total="5" passed="3" failed="0" skipped="0">
  <reporter-output>
  </reporter-output>
  <suite started-at="2026-05-06T20:51:26 IST" name="Default suite" finished-at="2026-05-06T20:51:46 IST" duration-ms="20064">
    <groups>
      <group name="cucumber">
        <method signature="TestRunner.runScenario(io.cucumber.testng.PickleWrapper,io.cucumber.testng.FeatureWrapper)[pri:0, instance:options.TestRunner@7b2bbc3]" name="runScenario" class="options.TestRunner"/>
      </group> <!-- cucumber -->
    </groups>
    <test started-at="2026-05-06T20:51:26 IST" name="Default test" finished-at="2026-05-06T20:51:46 IST" duration-ms="20064">
      <class name="options.TestRunner">
        <test-method is-config="true" signature="setUpClass(org.testng.ITestContext)[pri:0, instance:options.TestRunner@7b2bbc3]" started-at="2026-05-06T20:51:26 IST" name="setUpClass" finished-at="2026-05-06T20:51:27 IST" duration-ms="1100" status="PASS">
          <params>
            <param index="0">
              <value>
                <![CDATA[org.testng.TestRunner@768ccdc5]]>
              </value>
            </param>
          </params>
          <reporter-output>
          </reporter-output>
        </test-method> <!-- setUpClass -->
        <test-method signature="runScenario(io.cucumber.testng.PickleWrapper,io.cucumber.testng.FeatureWrapper)[pri:0, instance:options.TestRunner@7b2bbc3]" started-at="2026-05-06T20:51:28 IST" name="runScenario" description="Runs API Scenarios" data-provider="scenarios" finished-at="2026-05-06T20:51:42 IST" duration-ms="14126" status="PASS">
          <params>
            <param index="0">
              <value>
                <![CDATA["Verify if place is successfully added with AddPLace API"]]>
              </value>
            </param>
            <param index="1">
              <value>
                <![CDATA["Validating Place APIs"]]>
              </value>
            </param>
          </params>
          <reporter-output>
          </reporter-output>
        </test-method> <!-- runScenario -->
        <test-method retried="true" signature="runScenario(io.cucumber.testng.PickleWrapper,io.cucumber.testng.FeatureWrapper)[pri:0, instance:options.TestRunner@7b2bbc3]" started-at="2026-05-06T20:51:28 IST" name="runScenario" description="Runs API Scenarios" data-provider="scenarios" finished-at="2026-05-06T20:51:42 IST" duration-ms="14132" status="SKIP">
          <params>
            <param index="0">
              <value>
                <![CDATA["Verify if place is successfully added with AddPLace API"]]>
              </value>
            </param>
            <param index="1">
              <value>
                <![CDATA["Validating Place APIs"]]>
              </value>
            </param>
          </params>
          <exception class="java.lang.AssertionError">
            <message>
              <![CDATA[expected [true] but found [false]]]>
            </message>
            <full-stacktrace>
              <![CDATA[java.lang.AssertionError: expected [true] but found [false]
at org.testng.Assert.fail(Assert.java:111)
at org.testng.Assert.failNotEquals(Assert.java:1590)
at org.testng.Assert.assertTrue(Assert.java:57)
at org.testng.Assert.assertTrue(Assert.java:67)
at stepDefinitions.StepDefinition.validate_with_data_from(StepDefinition.java:80)
at ✽.Validate "31, HRBR layout, New Delhi 6" with data from "GetPlaceAPI"(file:///Users/anirbansarkar/eclipse-workspace/APIFramework/src/test/java/features/PlaceValidations.feature:10)
]]>
            </full-stacktrace>
          </exception> <!-- java.lang.AssertionError -->
          <reporter-output>
          </reporter-output>
        </test-method> <!-- runScenario -->
        <test-method retried="true" signature="runScenario(io.cucumber.testng.PickleWrapper,io.cucumber.testng.FeatureWrapper)[pri:0, instance:options.TestRunner@7b2bbc3]" started-at="2026-05-06T20:51:28 IST" name="runScenario" description="Runs API Scenarios" data-provider="scenarios" finished-at="2026-05-06T20:51:42 IST" duration-ms="14125" status="SKIP">
          <params>
            <param index="0">
              <value>
                <![CDATA["Delete place with DeletePlace API"]]>
              </value>
            </param>
            <param index="1">
              <value>
                <![CDATA["Validating Place APIs"]]>
              </value>
            </param>
          </params>
          <exception class="java.lang.AssertionError">
            <message>
              <![CDATA[expected [true] but found [false]]]>
            </message>
            <full-stacktrace>
              <![CDATA[java.lang.AssertionError: expected [true] but found [false]
at org.testng.Assert.fail(Assert.java:111)
at org.testng.Assert.failNotEquals(Assert.java:1590)
at org.testng.Assert.assertTrue(Assert.java:57)
at org.testng.Assert.assertTrue(Assert.java:67)
at stepDefinitions.StepDefinition.api_call_is_successful_with_status_code(StepDefinition.java:62)
at ✽.API call is successful with status code 200(file:///Users/anirbansarkar/eclipse-workspace/APIFramework/src/test/java/features/PlaceValidations.feature:21)
]]>
            </full-stacktrace>
          </exception> <!-- java.lang.AssertionError -->
          <reporter-output>
          </reporter-output>
        </test-method> <!-- runScenario -->
        <test-method signature="runScenario(io.cucumber.testng.PickleWrapper,io.cucumber.testng.FeatureWrapper)[pri:0, instance:options.TestRunner@7b2bbc3]" started-at="2026-05-06T20:51:42 IST" name="runScenario" description="Runs API Scenarios" data-provider="scenarios" finished-at="2026-05-06T20:51:46 IST" duration-ms="4337" status="PASS">
          <params>
            <param index="0">
              <value>
                <![CDATA["Verify if place is successfully added with AddPLace API"]]>
              </value>
            </param>
            <param index="1">
              <value>
                <![CDATA["Validating Place APIs"]]>
              </value>
            </param>
          </params>
          <reporter-output>
          </reporter-output>
        </test-method> <!-- runScenario -->
        <test-method signature="runScenario(io.cucumber.testng.PickleWrapper,io.cucumber.testng.FeatureWrapper)[pri:0, instance:options.TestRunner@7b2bbc3]" started-at="2026-05-06T20:51:42 IST" name="runScenario" description="Runs API Scenarios" data-provider="scenarios" finished-at="2026-05-06T20:51:46 IST" duration-ms="4530" status="PASS">
          <params>
            <param index="0">
              <value>
                <![CDATA["Delete place with DeletePlace API"]]>
              </value>
            </param>
            <param index="1">
              <value>
                <![CDATA["Validating Place APIs"]]>
              </value>
            </param>
          </params>
          <reporter-output>
          </reporter-output>
        </test-method> <!-- runScenario -->
        <test-method is-config="true" signature="tearDownClass()[pri:0, instance:options.TestRunner@7b2bbc3]" started-at="2026-05-06T20:51:46 IST" name="tearDownClass" finished-at="2026-05-06T20:51:46 IST" duration-ms="222" status="PASS">
          <reporter-output>
          </reporter-output>
        </test-method> <!-- tearDownClass -->
      </class> <!-- options.TestRunner -->
    </test> <!-- Default test -->
  </suite> <!-- Default suite -->
</testng-results>
