<?xml version="1.0" encoding="UTF-8"?>
<!-- Generated by org.testng.reporters.JUnitReportReporter -->
<testsuite hostname="ANIRBANs-MacBook-Air.local" failures="0" tests="5" name="options.TestRunner" time="51.250" errors="0" timestamp="2026-05-06T20:51:47 IST" skipped="2">
  <testcase classname="options.TestRunner" name="runScenario" time="4.530"/>
  <testcase classname="options.TestRunner" name="runScenario" time="14.132">
    <skipped/>
  </testcase> <!-- runScenario -->
  <testcase classname="options.TestRunner" name="runScenario" time="14.125">
    <skipped/>
  </testcase> <!-- runScenario -->
  <testcase classname="options.TestRunner" name="runScenario" time="4.337"/>
  <testcase classname="options.TestRunner" name="runScenario" time="14.126"/>
</testsuite> <!-- options.TestRunner -->
